<?xml version="1.0" encoding="UTF-8"?>
<!-- Generated by org.testng.reporters.JUnitReportReporter -->
<testsuite skipped="0" hostname="LAPTOP-SN90VK9S" name="com.OrangeHrm.testCase.verifyAppTitle" tests="1" failures="0" timestamp="26 Jan 2021 20:58:58 GMT" time="3.561" errors="0">
  <testcase name="verifyApplicationTitle" time="3.561" classname="com.OrangeHrm.testCase.verifyAppTitle"/>
</testsuite> <!-- com.OrangeHrm.testCase.verifyAppTitle -->
