<?xml version="1.0" encoding="UTF-8"?>
<!-- Generated by org.testng.reporters.JUnitReportReporter -->
<testsuite skipped="0" hostname="LAPTOP-SN90VK9S" name="com.OrangeHrm.testCase.TC001_LoginTest" tests="1" failures="0" timestamp="26 Jan 2021 21:31:37 GMT" time="2.699" errors="0">
  <testcase name="loginTest" time="2.699" classname="com.OrangeHrm.testCase.TC001_LoginTest"/>
</testsuite> <!-- com.OrangeHrm.testCase.TC001_LoginTest -->
